<?xml version="1.0" encoding="UTF-8"?>
<robot generator="Robot 3.0 (Jython 2.7.0 on java1.8.0_73)" generated="20160914 22:48:22.763">
<suite source="C:\Users\Mendi\Downloads\Project2\Project2\src\test\acceptancetest" name="Acceptancetest" id="s1">
<suite source="C:\Users\Mendi\Downloads\Project2\Project2\src\test\acceptancetest\TicTacToeGUITests.robot" name="TicTacToeGUITests" id="s1-s1">
<test name="Win Diagonally as X" id="s1-s1-t1">
<kw name="Start New Game">
<kw library="SwingLibrary" name="Start Application">
<doc>Alias for `Launch Application` keyword</doc>
<arguments>
<arg>edu.jsu.mcis.TicTacToe</arg>
</arguments>
<msg level="FAIL" timestamp="20160914 22:48:25.872">edu.jsu.mcis.TicTacToe</msg>
<status endtime="20160914 22:48:25.888" starttime="20160914 22:48:25.685" status="FAIL"></status>
</kw>
<status endtime="20160914 22:48:25.904" starttime="20160914 22:48:25.669" status="FAIL"></status>
</kw>
<status critical="yes" endtime="20160914 22:48:25.904" starttime="20160914 22:48:25.654" status="FAIL">edu.jsu.mcis.TicTacToe</status>
</test>
<test name="Win Horizontally as O" id="s1-s1-t2">
<kw name="Start New Game">
<kw library="SwingLibrary" name="Start Application">
<doc>Alias for `Launch Application` keyword</doc>
<arguments>
<arg>edu.jsu.mcis.TicTacToe</arg>
</arguments>
<msg level="FAIL" timestamp="20160914 22:48:26.138">edu.jsu.mcis.TicTacToe</msg>
<status endtime="20160914 22:48:26.154" starttime="20160914 22:48:25.950" status="FAIL"></status>
</kw>
<status endtime="20160914 22:48:26.169" starttime="20160914 22:48:25.935" status="FAIL"></status>
</kw>
<status critical="yes" endtime="20160914 22:48:26.169" starttime="20160914 22:48:25.919" status="FAIL">edu.jsu.mcis.TicTacToe</status>
</test>
<test name="Force a Tie" id="s1-s1-t3">
<kw name="Start New Game">
<kw library="SwingLibrary" name="Start Application">
<doc>Alias for `Launch Application` keyword</doc>
<arguments>
<arg>edu.jsu.mcis.TicTacToe</arg>
</arguments>
<msg level="FAIL" timestamp="20160914 22:48:26.466">edu.jsu.mcis.TicTacToe</msg>
<status endtime="20160914 22:48:26.466" starttime="20160914 22:48:26.247" status="FAIL"></status>
</kw>
<status endtime="20160914 22:48:26.482" starttime="20160914 22:48:26.232" status="FAIL"></status>
</kw>
<status critical="yes" endtime="20160914 22:48:26.482" starttime="20160914 22:48:26.185" status="FAIL">edu.jsu.mcis.TicTacToe</status>
</test>
<status endtime="20160914 22:48:26.513" starttime="20160914 22:48:23.888" status="FAIL"></status>
</suite>
<suite source="C:\Users\Mendi\Downloads\Project2\Project2\src\test\acceptancetest\TicTacToeTests.robot" name="TicTacToeTests" id="s1-s2">
<test name="Win Diagonally as X" id="s1-s2-t1">
<kw library="keywords.TicTacToeKeywords" name="Start New Game">
<status endtime="20160914 22:48:26.810" starttime="20160914 22:48:26.794" status="PASS"></status>
</kw>
<kw library="keywords.TicTacToeKeywords" name="Mark Location">
<arguments>
<arg>1</arg>
<arg>1</arg>
</arguments>
<status endtime="20160914 22:48:26.841" starttime="20160914 22:48:26.825" status="PASS"></status>
</kw>
<kw name="Check Location">
<arguments>
<arg>1</arg>
<arg>1</arg>
<arg>X</arg>
</arguments>
<kw library="keywords.TicTacToeKeywords" name="Get Mark">
<arguments>
<arg>${row}</arg>
<arg>${col}</arg>
</arguments>
<assign>
<var>${m}</var>
</assign>
<msg level="INFO" timestamp="20160914 22:48:26.888">${m} = X</msg>
<status endtime="20160914 22:48:26.888" starttime="20160914 22:48:26.857" status="PASS"></status>
</kw>
<kw library="BuiltIn" name="Should Be Equal">
<doc>Fails if the given objects are unequal.</doc>
<arguments>
<arg>${m}</arg>
<arg>${mark}</arg>
</arguments>
<status endtime="20160914 22:48:26.919" starttime="20160914 22:48:26.904" status="PASS"></status>
</kw>
<status endtime="20160914 22:48:26.935" starttime="20160914 22:48:26.841" status="PASS"></status>
</kw>
<kw library="keywords.TicTacToeKeywords" name="Mark Location">
<arguments>
<arg>0</arg>
<arg>1</arg>
</arguments>
<status endtime="20160914 22:48:26.950" starttime="20160914 22:48:26.935" status="PASS"></status>
</kw>
<kw name="Check Location">
<arguments>
<arg>0</arg>
<arg>1</arg>
<arg>O</arg>
</arguments>
<kw library="keywords.TicTacToeKeywords" name="Get Mark">
<arguments>
<arg>${row}</arg>
<arg>${col}</arg>
</arguments>
<assign>
<var>${m}</var>
</assign>
<msg level="INFO" timestamp="20160914 22:48:26.997">${m} = O</msg>
<status endtime="20160914 22:48:27.013" starttime="20160914 22:48:26.982" status="PASS"></status>
</kw>
<kw library="BuiltIn" name="Should Be Equal">
<doc>Fails if the given objects are unequal.</doc>
<arguments>
<arg>${m}</arg>
<arg>${mark}</arg>
</arguments>
<status endtime="20160914 22:48:27.044" starttime="20160914 22:48:27.013" status="PASS"></status>
</kw>
<status endtime="20160914 22:48:27.044" starttime="20160914 22:48:26.966" status="PASS"></status>
</kw>
<kw library="keywords.TicTacToeKeywords" name="Mark Location">
<arguments>
<arg>0</arg>
<arg>0</arg>
</arguments>
<status endtime="20160914 22:48:27.107" starttime="20160914 22:48:27.060" status="PASS"></status>
</kw>
<kw name="Check Location">
<arguments>
<arg>0</arg>
<arg>0</arg>
<arg>X</arg>
</arguments>
<kw library="keywords.TicTacToeKeywords" name="Get Mark">
<arguments>
<arg>${row}</arg>
<arg>${col}</arg>
</arguments>
<assign>
<var>${m}</var>
</assign>
<msg level="INFO" timestamp="20160914 22:48:27.154">${m} = X</msg>
<status endtime="20160914 22:48:27.154" starttime="20160914 22:48:27.138" status="PASS"></status>
</kw>
<kw library="BuiltIn" name="Should Be Equal">
<doc>Fails if the given objects are unequal.</doc>
<arguments>
<arg>${m}</arg>
<arg>${mark}</arg>
</arguments>
<status endtime="20160914 22:48:27.185" starttime="20160914 22:48:27.169" status="PASS"></status>
</kw>
<status endtime="20160914 22:48:27.185" starttime="20160914 22:48:27.107" status="PASS"></status>
</kw>
<kw library="keywords.TicTacToeKeywords" name="Mark Location">
<arguments>
<arg>0</arg>
<arg>2</arg>
</arguments>
<status endtime="20160914 22:48:27.200" starttime="20160914 22:48:27.185" status="PASS"></status>
</kw>
<kw name="Check Location">
<arguments>
<arg>0</arg>
<arg>2</arg>
<arg>O</arg>
</arguments>
<kw library="keywords.TicTacToeKeywords" name="Get Mark">
<arguments>
<arg>${row}</arg>
<arg>${col}</arg>
</arguments>
<assign>
<var>${m}</var>
</assign>
<msg level="INFO" timestamp="20160914 22:48:27.263">${m} = O</msg>
<status endtime="20160914 22:48:27.263" starttime="20160914 22:48:27.232" status="PASS"></status>
</kw>
<kw library="BuiltIn" name="Should Be Equal">
<doc>Fails if the given objects are unequal.</doc>
<arguments>
<arg>${m}</arg>
<arg>${mark}</arg>
</arguments>
<status endtime="20160914 22:48:27.294" starttime="20160914 22:48:27.263" status="PASS"></status>
</kw>
<status endtime="20160914 22:48:27.294" starttime="20160914 22:48:27.216" status="PASS"></status>
</kw>
<kw library="keywords.TicTacToeKeywords" name="Mark Location">
<arguments>
<arg>2</arg>
<arg>2</arg>
</arguments>
<status endtime="20160914 22:48:27.325" starttime="20160914 22:48:27.310" status="PASS"></status>
</kw>
<kw name="Check Location">
<arguments>
<arg>2</arg>
<arg>2</arg>
<arg>X</arg>
</arguments>
<kw library="keywords.TicTacToeKeywords" name="Get Mark">
<arguments>
<arg>${row}</arg>
<arg>${col}</arg>
</arguments>
<assign>
<var>${m}</var>
</assign>
<msg level="INFO" timestamp="20160914 22:48:27.372">${m} = X</msg>
<status endtime="20160914 22:48:27.372" starttime="20160914 22:48:27.341" status="PASS"></status>
</kw>
<kw library="BuiltIn" name="Should Be Equal">
<doc>Fails if the given objects are unequal.</doc>
<arguments>
<arg>${m}</arg>
<arg>${mark}</arg>
</arguments>
<status endtime="20160914 22:48:27.404" starttime="20160914 22:48:27.388" status="PASS"></status>
</kw>
<status endtime="20160914 22:48:27.404" starttime="20160914 22:48:27.325" status="PASS"></status>
</kw>
<kw name="Winner Should Be">
<arguments>
<arg>X</arg>
</arguments>
<kw library="keywords.TicTacToeKeywords" name="Get Winner">
<assign>
<var>${w}</var>
</assign>
<msg level="INFO" timestamp="20160914 22:48:27.435">${w} = X</msg>
<status endtime="20160914 22:48:27.450" starttime="20160914 22:48:27.435" status="PASS"></status>
</kw>
<kw library="BuiltIn" name="Should Be Equal">
<doc>Fails if the given objects are unequal.</doc>
<arguments>
<arg>${w}</arg>
<arg>${mark}</arg>
</arguments>
<status endtime="20160914 22:48:27.466" starttime="20160914 22:48:27.450" status="PASS"></status>
</kw>
<status endtime="20160914 22:48:27.482" starttime="20160914 22:48:27.419" status="PASS"></status>
</kw>
<status critical="yes" endtime="20160914 22:48:27.482" starttime="20160914 22:48:26.779" status="PASS"></status>
</test>
<test name="Win Horizontally as O" id="s1-s2-t2">
<kw library="keywords.TicTacToeKeywords" name="Start New Game">
<status endtime="20160914 22:48:27.529" starttime="20160914 22:48:27.513" status="PASS"></status>
</kw>
<kw library="keywords.TicTacToeKeywords" name="Mark Location">
<arguments>
<arg>1</arg>
<arg>1</arg>
</arguments>
<status endtime="20160914 22:48:27.544" starttime="20160914 22:48:27.544" status="PASS"></status>
</kw>
<kw name="Check Location">
<arguments>
<arg>1</arg>
<arg>1</arg>
<arg>X</arg>
</arguments>
<kw library="keywords.TicTacToeKeywords" name="Get Mark">
<arguments>
<arg>${row}</arg>
<arg>${col}</arg>
</arguments>
<assign>
<var>${m}</var>
</assign>
<msg level="INFO" timestamp="20160914 22:48:27.591">${m} = X</msg>
<status endtime="20160914 22:48:27.607" starttime="20160914 22:48:27.575" status="PASS"></status>
</kw>
<kw library="BuiltIn" name="Should Be Equal">
<doc>Fails if the given objects are unequal.</doc>
<arguments>
<arg>${m}</arg>
<arg>${mark}</arg>
</arguments>
<status endtime="20160914 22:48:27.622" starttime="20160914 22:48:27.607" status="PASS"></status>
</kw>
<status endtime="20160914 22:48:27.638" starttime="20160914 22:48:27.560" status="PASS"></status>
</kw>
<kw library="keywords.TicTacToeKeywords" name="Mark Location">
<arguments>
<arg>2</arg>
<arg>0</arg>
</arguments>
<status endtime="20160914 22:48:27.654" starttime="20160914 22:48:27.638" status="PASS"></status>
</kw>
<kw name="Check Location">
<arguments>
<arg>2</arg>
<arg>0</arg>
<arg>O</arg>
</arguments>
<kw library="keywords.TicTacToeKeywords" name="Get Mark">
<arguments>
<arg>${row}</arg>
<arg>${col}</arg>
</arguments>
<assign>
<var>${m}</var>
</assign>
<msg level="INFO" timestamp="20160914 22:48:27.700">${m} = O</msg>
<status endtime="20160914 22:48:27.700" starttime="20160914 22:48:27.685" status="PASS"></status>
</kw>
<kw library="BuiltIn" name="Should Be Equal">
<doc>Fails if the given objects are unequal.</doc>
<arguments>
<arg>${m}</arg>
<arg>${mark}</arg>
</arguments>
<status endtime="20160914 22:48:27.732" starttime="20160914 22:48:27.716" status="PASS"></status>
</kw>
<status endtime="20160914 22:48:27.732" starttime="20160914 22:48:27.669" status="PASS"></status>
</kw>
<kw library="keywords.TicTacToeKeywords" name="Mark Location">
<arguments>
<arg>0</arg>
<arg>0</arg>
</arguments>
<status endtime="20160914 22:48:27.747" starttime="20160914 22:48:27.747" status="PASS"></status>
</kw>
<kw name="Check Location">
<arguments>
<arg>0</arg>
<arg>0</arg>
<arg>X</arg>
</arguments>
<kw library="keywords.TicTacToeKeywords" name="Get Mark">
<arguments>
<arg>${row}</arg>
<arg>${col}</arg>
</arguments>
<assign>
<var>${m}</var>
</assign>
<msg level="INFO" timestamp="20160914 22:48:27.794">${m} = X</msg>
<status endtime="20160914 22:48:27.794" starttime="20160914 22:48:27.779" status="PASS"></status>
</kw>
<kw library="BuiltIn" name="Should Be Equal">
<doc>Fails if the given objects are unequal.</doc>
<arguments>
<arg>${m}</arg>
<arg>${mark}</arg>
</arguments>
<status endtime="20160914 22:48:27.810" starttime="20160914 22:48:27.794" status="PASS"></status>
</kw>
<status endtime="20160914 22:48:27.825" starttime="20160914 22:48:27.763" status="PASS"></status>
</kw>
<kw library="keywords.TicTacToeKeywords" name="Mark Location">
<arguments>
<arg>2</arg>
<arg>2</arg>
</arguments>
<status endtime="20160914 22:48:27.841" starttime="20160914 22:48:27.825" status="PASS"></status>
</kw>
<kw name="Check Location">
<arguments>
<arg>2</arg>
<arg>2</arg>
<arg>O</arg>
</arguments>
<kw library="keywords.TicTacToeKeywords" name="Get Mark">
<arguments>
<arg>${row}</arg>
<arg>${col}</arg>
</arguments>
<assign>
<var>${m}</var>
</assign>
<msg level="INFO" timestamp="20160914 22:48:27.888">${m} = O</msg>
<status endtime="20160914 22:48:27.888" starttime="20160914 22:48:27.857" status="PASS"></status>
</kw>
<kw library="BuiltIn" name="Should Be Equal">
<doc>Fails if the given objects are unequal.</doc>
<arguments>
<arg>${m}</arg>
<arg>${mark}</arg>
</arguments>
<status endtime="20160914 22:48:27.904" starttime="20160914 22:48:27.888" status="PASS"></status>
</kw>
<status endtime="20160914 22:48:27.919" starttime="20160914 22:48:27.841" status="PASS"></status>
</kw>
<kw library="keywords.TicTacToeKeywords" name="Mark Location">
<arguments>
<arg>0</arg>
<arg>2</arg>
</arguments>
<status endtime="20160914 22:48:27.935" starttime="20160914 22:48:27.919" status="PASS"></status>
</kw>
<kw name="Check Location">
<arguments>
<arg>0</arg>
<arg>2</arg>
<arg>X</arg>
</arguments>
<kw library="keywords.TicTacToeKeywords" name="Get Mark">
<arguments>
<arg>${row}</arg>
<arg>${col}</arg>
</arguments>
<assign>
<var>${m}</var>
</assign>
<msg level="INFO" timestamp="20160914 22:48:27.982">${m} = X</msg>
<status endtime="20160914 22:48:27.997" starttime="20160914 22:48:27.966" status="PASS"></status>
</kw>
<kw library="BuiltIn" name="Should Be Equal">
<doc>Fails if the given objects are unequal.</doc>
<arguments>
<arg>${m}</arg>
<arg>${mark}</arg>
</arguments>
<status endtime="20160914 22:48:28.029" starttime="20160914 22:48:27.997" status="PASS"></status>
</kw>
<status endtime="20160914 22:48:28.044" starttime="20160914 22:48:27.935" status="PASS"></status>
</kw>
<kw library="keywords.TicTacToeKeywords" name="Mark Location">
<arguments>
<arg>2</arg>
<arg>1</arg>
</arguments>
<status endtime="20160914 22:48:28.060" starttime="20160914 22:48:28.044" status="PASS"></status>
</kw>
<kw name="Check Location">
<arguments>
<arg>2</arg>
<arg>1</arg>
<arg>O</arg>
</arguments>
<kw library="keywords.TicTacToeKeywords" name="Get Mark">
<arguments>
<arg>${row}</arg>
<arg>${col}</arg>
</arguments>
<assign>
<var>${m}</var>
</assign>
<msg level="INFO" timestamp="20160914 22:48:28.107">${m} = O</msg>
<status endtime="20160914 22:48:28.107" starttime="20160914 22:48:28.076" status="PASS"></status>
</kw>
<kw library="BuiltIn" name="Should Be Equal">
<doc>Fails if the given objects are unequal.</doc>
<arguments>
<arg>${m}</arg>
<arg>${mark}</arg>
</arguments>
<status endtime="20160914 22:48:28.138" starttime="20160914 22:48:28.122" status="PASS"></status>
</kw>
<status endtime="20160914 22:48:28.138" starttime="20160914 22:48:28.060" status="PASS"></status>
</kw>
<kw name="Winner Should Be">
<arguments>
<arg>O</arg>
</arguments>
<kw library="keywords.TicTacToeKeywords" name="Get Winner">
<assign>
<var>${w}</var>
</assign>
<msg level="INFO" timestamp="20160914 22:48:28.169">${w} = O</msg>
<status endtime="20160914 22:48:28.169" starttime="20160914 22:48:28.169" status="PASS"></status>
</kw>
<kw library="BuiltIn" name="Should Be Equal">
<doc>Fails if the given objects are unequal.</doc>
<arguments>
<arg>${w}</arg>
<arg>${mark}</arg>
</arguments>
<status endtime="20160914 22:48:28.201" starttime="20160914 22:48:28.185" status="PASS"></status>
</kw>
<status endtime="20160914 22:48:28.216" starttime="20160914 22:48:28.154" status="PASS"></status>
</kw>
<status critical="yes" endtime="20160914 22:48:28.216" starttime="20160914 22:48:27.497" status="PASS"></status>
</test>
<test name="Force a Tie" id="s1-s2-t3">
<kw library="keywords.TicTacToeKeywords" name="Start New Game">
<status endtime="20160914 22:48:28.263" starttime="20160914 22:48:28.263" status="PASS"></status>
</kw>
<kw library="keywords.TicTacToeKeywords" name="Mark Location">
<arguments>
<arg>1</arg>
<arg>1</arg>
</arguments>
<status endtime="20160914 22:48:28.294" starttime="20160914 22:48:28.279" status="PASS"></status>
</kw>
<kw name="Check Location">
<arguments>
<arg>1</arg>
<arg>1</arg>
<arg>X</arg>
</arguments>
<kw library="keywords.TicTacToeKeywords" name="Get Mark">
<arguments>
<arg>${row}</arg>
<arg>${col}</arg>
</arguments>
<assign>
<var>${m}</var>
</assign>
<msg level="INFO" timestamp="20160914 22:48:28.326">${m} = X</msg>
<status endtime="20160914 22:48:28.326" starttime="20160914 22:48:28.310" status="PASS"></status>
</kw>
<kw library="BuiltIn" name="Should Be Equal">
<doc>Fails if the given objects are unequal.</doc>
<arguments>
<arg>${m}</arg>
<arg>${mark}</arg>
</arguments>
<status endtime="20160914 22:48:28.341" starttime="20160914 22:48:28.326" status="PASS"></status>
</kw>
<status endtime="20160914 22:48:28.357" starttime="20160914 22:48:28.294" status="PASS"></status>
</kw>
<kw library="keywords.TicTacToeKeywords" name="Mark Location">
<arguments>
<arg>0</arg>
<arg>0</arg>
</arguments>
<status endtime="20160914 22:48:28.372" starttime="20160914 22:48:28.357" status="PASS"></status>
</kw>
<kw name="Check Location">
<arguments>
<arg>0</arg>
<arg>0</arg>
<arg>O</arg>
</arguments>
<kw library="keywords.TicTacToeKeywords" name="Get Mark">
<arguments>
<arg>${row}</arg>
<arg>${col}</arg>
</arguments>
<assign>
<var>${m}</var>
</assign>
<msg level="INFO" timestamp="20160914 22:48:28.404">${m} = O</msg>
<status endtime="20160914 22:48:28.404" starttime="20160914 22:48:28.388" status="PASS"></status>
</kw>
<kw library="BuiltIn" name="Should Be Equal">
<doc>Fails if the given objects are unequal.</doc>
<arguments>
<arg>${m}</arg>
<arg>${mark}</arg>
</arguments>
<status endtime="20160914 22:48:28.435" starttime="20160914 22:48:28.419" status="PASS"></status>
</kw>
<status endtime="20160914 22:48:28.435" starttime="20160914 22:48:28.372" status="PASS"></status>
</kw>
<kw library="keywords.TicTacToeKeywords" name="Mark Location">
<arguments>
<arg>2</arg>
<arg>0</arg>
</arguments>
<status endtime="20160914 22:48:28.451" starttime="20160914 22:48:28.451" status="PASS"></status>
</kw>
<kw name="Check Location">
<arguments>
<arg>2</arg>
<arg>0</arg>
<arg>X</arg>
</arguments>
<kw library="keywords.TicTacToeKeywords" name="Get Mark">
<arguments>
<arg>${row}</arg>
<arg>${col}</arg>
</arguments>
<assign>
<var>${m}</var>
</assign>
<msg level="INFO" timestamp="20160914 22:48:28.497">${m} = X</msg>
<status endtime="20160914 22:48:28.497" starttime="20160914 22:48:28.482" status="PASS"></status>
</kw>
<kw library="BuiltIn" name="Should Be Equal">
<doc>Fails if the given objects are unequal.</doc>
<arguments>
<arg>${m}</arg>
<arg>${mark}</arg>
</arguments>
<status endtime="20160914 22:48:28.513" starttime="20160914 22:48:28.513" status="PASS"></status>
</kw>
<status endtime="20160914 22:48:28.529" starttime="20160914 22:48:28.466" status="PASS"></status>
</kw>
<kw library="keywords.TicTacToeKeywords" name="Mark Location">
<arguments>
<arg>0</arg>
<arg>2</arg>
</arguments>
<status endtime="20160914 22:48:28.544" starttime="20160914 22:48:28.529" status="PASS"></status>
</kw>
<kw name="Check Location">
<arguments>
<arg>0</arg>
<arg>2</arg>
<arg>O</arg>
</arguments>
<kw library="keywords.TicTacToeKeywords" name="Get Mark">
<arguments>
<arg>${row}</arg>
<arg>${col}</arg>
</arguments>
<assign>
<var>${m}</var>
</assign>
<msg level="INFO" timestamp="20160914 22:48:28.591">${m} = O</msg>
<status endtime="20160914 22:48:28.591" starttime="20160914 22:48:28.576" status="PASS"></status>
</kw>
<kw library="BuiltIn" name="Should Be Equal">
<doc>Fails if the given objects are unequal.</doc>
<arguments>
<arg>${m}</arg>
<arg>${mark}</arg>
</arguments>
<status endtime="20160914 22:48:28.607" starttime="20160914 22:48:28.591" status="PASS"></status>
</kw>
<status endtime="20160914 22:48:28.622" starttime="20160914 22:48:28.544" status="PASS"></status>
</kw>
<kw library="keywords.TicTacToeKeywords" name="Mark Location">
<arguments>
<arg>0</arg>
<arg>1</arg>
</arguments>
<status endtime="20160914 22:48:28.638" starttime="20160914 22:48:28.622" status="PASS"></status>
</kw>
<kw name="Check Location">
<arguments>
<arg>0</arg>
<arg>1</arg>
<arg>X</arg>
</arguments>
<kw library="keywords.TicTacToeKeywords" name="Get Mark">
<arguments>
<arg>${row}</arg>
<arg>${col}</arg>
</arguments>
<assign>
<var>${m}</var>
</assign>
<msg level="INFO" timestamp="20160914 22:48:28.685">${m} = X</msg>
<status endtime="20160914 22:48:28.685" starttime="20160914 22:48:28.654" status="PASS"></status>
</kw>
<kw library="BuiltIn" name="Should Be Equal">
<doc>Fails if the given objects are unequal.</doc>
<arguments>
<arg>${m}</arg>
<arg>${mark}</arg>
</arguments>
<status endtime="20160914 22:48:28.716" starttime="20160914 22:48:28.685" status="PASS"></status>
</kw>
<status endtime="20160914 22:48:28.716" starttime="20160914 22:48:28.638" status="PASS"></status>
</kw>
<kw library="keywords.TicTacToeKeywords" name="Mark Location">
<arguments>
<arg>2</arg>
<arg>1</arg>
</arguments>
<status endtime="20160914 22:48:28.747" starttime="20160914 22:48:28.732" status="PASS"></status>
</kw>
<kw name="Check Location">
<arguments>
<arg>2</arg>
<arg>1</arg>
<arg>O</arg>
</arguments>
<kw library="keywords.TicTacToeKeywords" name="Get Mark">
<arguments>
<arg>${row}</arg>
<arg>${col}</arg>
</arguments>
<assign>
<var>${m}</var>
</assign>
<msg level="INFO" timestamp="20160914 22:48:28.794">${m} = O</msg>
<status endtime="20160914 22:48:28.794" starttime="20160914 22:48:28.779" status="PASS"></status>
</kw>
<kw library="BuiltIn" name="Should Be Equal">
<doc>Fails if the given objects are unequal.</doc>
<arguments>
<arg>${m}</arg>
<arg>${mark}</arg>
</arguments>
<status endtime="20160914 22:48:28.810" starttime="20160914 22:48:28.810" status="PASS"></status>
</kw>
<status endtime="20160914 22:48:28.826" starttime="20160914 22:48:28.763" status="PASS"></status>
</kw>
<kw library="keywords.TicTacToeKeywords" name="Mark Location">
<arguments>
<arg>1</arg>
<arg>2</arg>
</arguments>
<status endtime="20160914 22:48:28.841" starttime="20160914 22:48:28.826" status="PASS"></status>
</kw>
<kw name="Check Location">
<arguments>
<arg>1</arg>
<arg>2</arg>
<arg>X</arg>
</arguments>
<kw library="keywords.TicTacToeKeywords" name="Get Mark">
<arguments>
<arg>${row}</arg>
<arg>${col}</arg>
</arguments>
<assign>
<var>${m}</var>
</assign>
<msg level="INFO" timestamp="20160914 22:48:28.872">${m} = X</msg>
<status endtime="20160914 22:48:28.888" starttime="20160914 22:48:28.857" status="PASS"></status>
</kw>
<kw library="BuiltIn" name="Should Be Equal">
<doc>Fails if the given objects are unequal.</doc>
<arguments>
<arg>${m}</arg>
<arg>${mark}</arg>
</arguments>
<status endtime="20160914 22:48:28.904" starttime="20160914 22:48:28.888" status="PASS"></status>
</kw>
<status endtime="20160914 22:48:28.919" starttime="20160914 22:48:28.841" status="PASS"></status>
</kw>
<kw library="keywords.TicTacToeKeywords" name="Mark Location">
<arguments>
<arg>1</arg>
<arg>0</arg>
</arguments>
<status endtime="20160914 22:48:28.935" starttime="20160914 22:48:28.919" status="PASS"></status>
</kw>
<kw name="Check Location">
<arguments>
<arg>1</arg>
<arg>0</arg>
<arg>O</arg>
</arguments>
<kw library="keywords.TicTacToeKeywords" name="Get Mark">
<arguments>
<arg>${row}</arg>
<arg>${col}</arg>
</arguments>
<assign>
<var>${m}</var>
</assign>
<msg level="INFO" timestamp="20160914 22:48:28.982">${m} = O</msg>
<status endtime="20160914 22:48:28.982" starttime="20160914 22:48:28.951" status="PASS"></status>
</kw>
<kw library="BuiltIn" name="Should Be Equal">
<doc>Fails if the given objects are unequal.</doc>
<arguments>
<arg>${m}</arg>
<arg>${mark}</arg>
</arguments>
<status endtime="20160914 22:48:28.997" starttime="20160914 22:48:28.982" status="PASS"></status>
</kw>
<status endtime="20160914 22:48:29.013" starttime="20160914 22:48:28.935" status="PASS"></status>
</kw>
<kw library="keywords.TicTacToeKeywords" name="Mark Location">
<arguments>
<arg>2</arg>
<arg>2</arg>
</arguments>
<status endtime="20160914 22:48:29.029" starttime="20160914 22:48:29.013" status="PASS"></status>
</kw>
<kw name="Check Location">
<arguments>
<arg>2</arg>
<arg>2</arg>
<arg>X</arg>
</arguments>
<kw library="keywords.TicTacToeKeywords" name="Get Mark">
<arguments>
<arg>${row}</arg>
<arg>${col}</arg>
</arguments>
<assign>
<var>${m}</var>
</assign>
<msg level="INFO" timestamp="20160914 22:48:29.076">${m} = X</msg>
<status endtime="20160914 22:48:29.076" starttime="20160914 22:48:29.060" status="PASS"></status>
</kw>
<kw library="BuiltIn" name="Should Be Equal">
<doc>Fails if the given objects are unequal.</doc>
<arguments>
<arg>${m}</arg>
<arg>${mark}</arg>
</arguments>
<status endtime="20160914 22:48:29.091" starttime="20160914 22:48:29.076" status="PASS"></status>
</kw>
<status endtime="20160914 22:48:29.107" starttime="20160914 22:48:29.044" status="PASS"></status>
</kw>
<kw name="Winner Should Be">
<arguments>
<arg>TIE</arg>
</arguments>
<kw library="keywords.TicTacToeKeywords" name="Get Winner">
<assign>
<var>${w}</var>
</assign>
<msg level="INFO" timestamp="20160914 22:48:29.138">${w} = TIE</msg>
<status endtime="20160914 22:48:29.138" starttime="20160914 22:48:29.122" status="PASS"></status>
</kw>
<kw library="BuiltIn" name="Should Be Equal">
<doc>Fails if the given objects are unequal.</doc>
<arguments>
<arg>${w}</arg>
<arg>${mark}</arg>
</arguments>
<status endtime="20160914 22:48:29.154" starttime="20160914 22:48:29.138" status="PASS"></status>
</kw>
<status endtime="20160914 22:48:29.169" starttime="20160914 22:48:29.107" status="PASS"></status>
</kw>
<status critical="yes" endtime="20160914 22:48:29.185" starttime="20160914 22:48:28.232" status="PASS"></status>
</test>
<status endtime="20160914 22:48:29.216" starttime="20160914 22:48:26.560" status="PASS"></status>
</suite>
<status endtime="20160914 22:48:29.294" starttime="20160914 22:48:22.903" status="FAIL"></status>
</suite>
<statistics>
<total>
<stat pass="3" fail="3">Critical Tests</stat>
<stat pass="3" fail="3">All Tests</stat>
</total>
<tag>
</tag>
<suite>
<stat pass="3" fail="3" name="Acceptancetest" id="s1">Acceptancetest</stat>
<stat pass="0" fail="3" name="TicTacToeGUITests" id="s1-s1">Acceptancetest.TicTacToeGUITests</stat>
<stat pass="3" fail="0" name="TicTacToeTests" id="s1-s2">Acceptancetest.TicTacToeTests</stat>
</suite>
</statistics>
<errors>
</errors>
</robot>
